<?xml version="1.0" encoding="UTF-8"?>
<testsuite name="SILab2Test" tests="2" skipped="0" failures="0" errors="0" timestamp="2022-05-25T14:29:01" hostname="DESKTOP-9ELFB8P" time="0.022">
  <properties/>
  <testcase name="everyBranch()" classname="SILab2Test" time="0.02"/>
  <testcase name="everyStatement()" classname="SILab2Test" time="0.002"/>
  <system-out><![CDATA[]]></system-out>
  <system-err><![CDATA[]]></system-err>
</testsuite>
