<?xml version="1.0" encoding="UTF-8"?>
<testsuite name="SILab2Test" tests="1" skipped="0" failures="0" errors="0" timestamp="2022-05-25T13:54:03" hostname="DESKTOP-9ELFB8P" time="0.017">
  <properties/>
  <testcase name="everyStatement()" classname="SILab2Test" time="0.017"/>
  <system-out><![CDATA[]]></system-out>
  <system-err><![CDATA[]]></system-err>
</testsuite>
